0 info it worked if it ends with ok
1 verbose cli [ '/Users/backpack/.nvm/versions/node/v6.5.0/bin/node',
1 verbose cli   '/Users/backpack/.nvm/versions/node/v6.5.0/bin/npm',
1 verbose cli   'run',
1 verbose cli   'lint' ]
2 info using npm@3.10.3
3 info using node@v6.5.0
4 verbose run-script [ 'prelint', 'lint', 'postlint' ]
5 info lifecycle testProject@0.0.0~prelint: testProject@0.0.0
6 silly lifecycle testProject@0.0.0~prelint: no script for prelint, continuing
7 info lifecycle testProject@0.0.0~lint: testProject@0.0.0
8 verbose lifecycle testProject@0.0.0~lint: unsafe-perm in lifecycle true
9 verbose lifecycle testProject@0.0.0~lint: PATH: /Users/backpack/.nvm/versions/node/v6.5.0/lib/node_modules/npm/bin/node-gyp-bin:/Users/backpack/Documents/projects/testProject/node_modules/.bin:/Users/backpack/.nvm/versions/node/v6.5.0/bin:/Users/backpack/.rvm/gems/ruby-2.3.0/bin:/Users/backpack/.rvm/gems/ruby-2.3.0@global/bin:/Users/backpack/.rvm/rubies/ruby-2.3.0/bin:/Users/backpack/.nvm/versions/node/v6.5.0/bin:/usr/bin:/bin:/usr/sbin:/sbin:/usr/local/bin:/Users/backpack/.rvm/bin
10 verbose lifecycle testProject@0.0.0~lint: CWD: /Users/backpack/Documents/projects/testProject
11 silly lifecycle testProject@0.0.0~lint: Args: [ '-c', 'standard' ]
12 silly lifecycle testProject@0.0.0~lint: Returned: code: 1  signal: null
13 info lifecycle testProject@0.0.0~lint: Failed to exec lint script
14 verbose stack Error: testProject@0.0.0 lint: `standard`
14 verbose stack Exit status 1
14 verbose stack     at EventEmitter.<anonymous> (/Users/backpack/.nvm/versions/node/v6.5.0/lib/node_modules/npm/lib/utils/lifecycle.js:242:16)
14 verbose stack     at emitTwo (events.js:106:13)
14 verbose stack     at EventEmitter.emit (events.js:191:7)
14 verbose stack     at ChildProcess.<anonymous> (/Users/backpack/.nvm/versions/node/v6.5.0/lib/node_modules/npm/lib/utils/spawn.js:40:14)
14 verbose stack     at emitTwo (events.js:106:13)
14 verbose stack     at ChildProcess.emit (events.js:191:7)
14 verbose stack     at maybeClose (internal/child_process.js:877:16)
14 verbose stack     at Process.ChildProcess._handle.onexit (internal/child_process.js:226:5)
15 verbose pkgid testProject@0.0.0
16 verbose cwd /Users/backpack/Documents/projects/testProject
17 error Darwin 15.6.0
18 error argv "/Users/backpack/.nvm/versions/node/v6.5.0/bin/node" "/Users/backpack/.nvm/versions/node/v6.5.0/bin/npm" "run" "lint"
19 error node v6.5.0
20 error npm  v3.10.3
21 error code ELIFECYCLE
22 error testProject@0.0.0 lint: `standard`
22 error Exit status 1
23 error Failed at the testProject@0.0.0 lint script 'standard'.
23 error Make sure you have the latest version of node.js and npm installed.
23 error If you do, this is most likely a problem with the testProject package,
23 error not with npm itself.
23 error Tell the author that this fails on your system:
23 error     standard
23 error You can get information on how to open an issue for this project with:
23 error     npm bugs testProject
23 error Or if that isn't available, you can get their info via:
23 error     npm owner ls testProject
23 error There is likely additional logging output above.
24 verbose exit [ 1, true ]
